<?xml version="1.0" encoding="UTF-8"?>
<!-- Generated by org.testng.reporters.JUnitReportReporter -->
<testsuite skipped="0" hostname="Salim" name="scripts.TestScripts" tests="8" failures="0" timestamp="2020-09-23T13:02:04 CDT" time="272.819" errors="0">
  <testcase name="testEveningDressesPurchase" time="31.756" classname="scripts.TestScripts"/>
  <system-out/>
  <testcase name="testChiffonDressSize" time="31.996" classname="scripts.TestScripts"/>
  <system-out>
Title is matching My account - My Store  </system-out>
  <testcase name="testTShirtsPurchase" time="29.596" classname="scripts.TestScripts"/>
  <system-out/>
  <testcase name="testMouseHover" time="36.017" classname="scripts.TestScripts"/>
  <system-out>
Title is matching My account - My Store  </system-out>
  <testcase name="testWomenBlouse" time="33.423" classname="scripts.TestScripts"/>
  <system-out/>
  <testcase name="test7HoverTwice" time="42.485" classname="scripts.TestScripts"/>
  <system-out/>
  <testcase name="test8CompareDresses" time="37.478" classname="scripts.TestScripts"/>
  <system-out/>
  <testcase name="testWomenSummerDress" time="30.068" classname="scripts.TestScripts"/>
  <system-out>
Title is matching My account - My Store  </system-out>
</testsuite> <!-- scripts.TestScripts -->
