<?xml version="1.0" encoding="UTF-8"?>
<!-- Generated by org.testng.reporters.JUnitReportReporter -->
<testsuite skipped="0" hostname="Salim" name="scripts.TestScripts" tests="8" failures="0" timestamp="2020-09-27T11:16:20 CDT" time="258.559" errors="0">
  <testcase name="testChiffonDressSize" time="30.820" classname="scripts.TestScripts"/>
  <system-out>
Title is matching My account - My Store  </system-out>
  <testcase name="testWomenSummerDress" time="32.237" classname="scripts.TestScripts"/>
  <system-out>
Title is matching My account - My Store  </system-out>
  <testcase name="test7HoverTwice" time="43.594" classname="scripts.TestScripts"/>
  <system-out/>
  <testcase name="testMouseHover" time="29.477" classname="scripts.TestScripts"/>
  <system-out>
Title is matching My account - My Store  </system-out>
  <testcase name="testWomenBlouse" time="30.684" classname="scripts.TestScripts"/>
  <system-out/>
  <testcase name="test8CompareDresses" time="36.597" classname="scripts.TestScripts"/>
  <system-out/>
  <testcase name="testEveningDressesPurchase" time="29.908" classname="scripts.TestScripts"/>
  <system-out/>
  <testcase name="testTShirtsPurchase" time="25.242" classname="scripts.TestScripts"/>
  <system-out/>
</testsuite> <!-- scripts.TestScripts -->
